This is XeTeX, Version 3.141592653-2.6-0.999995 (TeX Live 2023) (preloaded format=xelatex 2023.9.3)  4 SEP 2023 21:40
entering extended mode
 restricted \write18 enabled.
 %&-line parsing enabled.
**ReC_MultMod.tex
(./ReC_MultMod.tex
LaTeX2e <2023-06-01> patch level 1
L3 programming layer <2023-08-29>
(c:/Users/lhbik/AppData/Roaming/TinyTeX/texmf-dist/tex/latex/base/book.cls
Document Class: book 2023/05/17 v1.4n Standard LaTeX document class
(c:/Users/lhbik/AppData/Roaming/TinyTeX/texmf-dist/tex/latex/base/bk11.clo
File: bk11.clo 2023/05/17 v1.4n Standard LaTeX file (size option)
)
\c@part=\count181
\c@chapter=\count182
\c@section=\count183
\c@subsection=\count184
\c@subsubsection=\count185
\c@paragraph=\count186
\c@subparagraph=\count187
\c@figure=\count188
\c@table=\count189
\abovecaptionskip=\skip48
\belowcaptionskip=\skip49
\bibindent=\dimen140
) (c:/Users/lhbik/AppData/Roaming/TinyTeX/texmf-dist/tex/latex/amsmath/amsmath.sty
Package: amsmath 2023/05/13 v2.17o AMS math features
\@mathmargin=\skip50
For additional information on amsmath, use the `?' option.
(c:/Users/lhbik/AppData/Roaming/TinyTeX/texmf-dist/tex/latex/amsmath/amstext.sty
Package: amstext 2021/08/26 v2.01 AMS text
(c:/Users/lhbik/AppData/Roaming/TinyTeX/texmf-dist/tex/latex/amsmath/amsgen.sty
File: amsgen.sty 1999/11/30 v2.0 generic functions
\@emptytoks=\toks17
\ex@=\dimen141
)) (c:/Users/lhbik/AppData/Roaming/TinyTeX/texmf-dist/tex/latex/amsmath/amsbsy.sty
Package: amsbsy 1999/11/29 v1.2d Bold Symbols
\pmbraise@=\dimen142
) (c:/Users/lhbik/AppData/Roaming/TinyTeX/texmf-dist/tex/latex/amsmath/amsopn.sty
Package: amsopn 2022/04/08 v2.04 operator names
)
\inf@bad=\count190
LaTeX Info: Redefining \frac on input line 234.
\uproot@=\count191
\leftroot@=\count192
LaTeX Info: Redefining \overline on input line 399.
LaTeX Info: Redefining \colon on input line 410.
\classnum@=\count193
\DOTSCASE@=\count194
LaTeX Info: Redefining \ldots on input line 496.
LaTeX Info: Redefining \dots on input line 499.
LaTeX Info: Redefining \cdots on input line 620.
\Mathstrutbox@=\box51
\strutbox@=\box52
LaTeX Info: Redefining \big on input line 722.
LaTeX Info: Redefining \Big on input line 723.
LaTeX Info: Redefining \bigg on input line 724.
LaTeX Info: Redefining \Bigg on input line 725.
\big@size=\dimen143
LaTeX Font Info:    Redeclaring font encoding OML on input line 743.
LaTeX Font Info:    Redeclaring font encoding OMS on input line 744.
\macc@depth=\count195
LaTeX Info: Redefining \bmod on input line 905.
LaTeX Info: Redefining \pmod on input line 910.
LaTeX Info: Redefining \smash on input line 940.
LaTeX Info: Redefining \relbar on input line 970.
LaTeX Info: Redefining \Relbar on input line 971.
\c@MaxMatrixCols=\count196
\dotsspace@=\muskip16
\c@parentequation=\count197
\dspbrk@lvl=\count198
\tag@help=\toks18
\row@=\count199
\column@=\count266
\maxfields@=\count267
\andhelp@=\toks19
\eqnshift@=\dimen144
\alignsep@=\dimen145
\tagshift@=\dimen146
\tagwidth@=\dimen147
\totwidth@=\dimen148
\lineht@=\dimen149
\@envbody=\toks20
\multlinegap=\skip51
\multlinetaggap=\skip52
\mathdisplay@stack=\toks21
LaTeX Info: Redefining \[ on input line 2953.
LaTeX Info: Redefining \] on input line 2954.
) (c:/Users/lhbik/AppData/Roaming/TinyTeX/texmf-dist/tex/latex/amsfonts/amssymb.sty
Package: amssymb 2013/01/14 v3.01 AMS font symbols
(c:/Users/lhbik/AppData/Roaming/TinyTeX/texmf-dist/tex/latex/amsfonts/amsfonts.sty
Package: amsfonts 2013/01/14 v3.01 Basic AMSFonts support
\symAMSa=\mathgroup4
\symAMSb=\mathgroup5
LaTeX Font Info:    Redeclaring math symbol \hbar on input line 98.
LaTeX Font Info:    Overwriting math alphabet `\mathfrak' in version `bold'
(Font)                  U/euf/m/n --> U/euf/b/n on input line 106.
)) (c:/Users/lhbik/AppData/Roaming/TinyTeX/texmf-dist/tex/generic/iftex/iftex.sty
Package: iftex 2022/02/03 v1.0f TeX engine tests
) (c:/Users/lhbik/AppData/Roaming/TinyTeX/texmf-dist/tex/latex/unicode-math/unicode-math.sty (c:/Users/lhbik/AppData/Roaming/TinyTeX/texmf-dist/tex/latex/l3kernel/expl3.sty
Package: expl3 2023-08-29 L3 programming layer (loader) 
(c:/Users/lhbik/AppData/Roaming/TinyTeX/texmf-dist/tex/latex/l3backend/l3backend-xetex.def
File: l3backend-xetex.def 2023-04-19 L3 backend support: XeTeX
\g__graphics_track_int=\count268
\l__pdf_internal_box=\box53
\g__pdf_backend_object_int=\count269
\g__pdf_backend_annotation_int=\count270
\g__pdf_backend_link_int=\count271
))
Package: unicode-math 2023/08/13 v0.8r Unicode maths in XeLaTeX and LuaLaTeX
(c:/Users/lhbik/AppData/Roaming/TinyTeX/texmf-dist/tex/latex/unicode-math/unicode-math-xetex.sty
Package: unicode-math-xetex 2023/08/13 v0.8r Unicode maths in XeLaTeX and LuaLaTeX
(c:/Users/lhbik/AppData/Roaming/TinyTeX/texmf-dist/tex/latex/l3packages/xparse/xparse.sty
Package: xparse 2023-02-02 L3 Experimental document command parser
) (c:/Users/lhbik/AppData/Roaming/TinyTeX/texmf-dist/tex/latex/l3packages/l3keys2e/l3keys2e.sty
Package: l3keys2e 2023-02-02 LaTeX2e option processing using LaTeX3 keys
) (c:/Users/lhbik/AppData/Roaming/TinyTeX/texmf-dist/tex/latex/fontspec/fontspec.sty
Package: fontspec 2022/01/15 v2.8a Font selection for XeLaTeX and LuaLaTeX
(c:/Users/lhbik/AppData/Roaming/TinyTeX/texmf-dist/tex/latex/fontspec/fontspec-xetex.sty
Package: fontspec-xetex 2022/01/15 v2.8a Font selection for XeLaTeX and LuaLaTeX
\l__fontspec_script_int=\count272
\l__fontspec_language_int=\count273
\l__fontspec_strnum_int=\count274
\l__fontspec_tmp_int=\count275
\l__fontspec_tmpa_int=\count276
\l__fontspec_tmpb_int=\count277
\l__fontspec_tmpc_int=\count278
\l__fontspec_em_int=\count279
\l__fontspec_emdef_int=\count280
\l__fontspec_strong_int=\count281
\l__fontspec_strongdef_int=\count282
\l__fontspec_tmpa_dim=\dimen150
\l__fontspec_tmpb_dim=\dimen151
\l__fontspec_tmpc_dim=\dimen152
(c:/Users/lhbik/AppData/Roaming/TinyTeX/texmf-dist/tex/latex/base/fontenc.sty
Package: fontenc 2021/04/29 v2.0v Standard LaTeX package
) (c:/Users/lhbik/AppData/Roaming/TinyTeX/texmf-dist/tex/latex/fontspec/fontspec.cfg))) (c:/Users/lhbik/AppData/Roaming/TinyTeX/texmf-dist/tex/latex/base/fix-cm.sty
Package: fix-cm 2020/11/24 v1.1t fixes to LaTeX
(c:/Users/lhbik/AppData/Roaming/TinyTeX/texmf-dist/tex/latex/base/ts1enc.def
File: ts1enc.def 2001/06/05 v3.0e (jk/car/fm) Standard LaTeX file
LaTeX Font Info:    Redeclaring font encoding TS1 on input line 47.
))
\g__um_fam_int=\count283
\g__um_fonts_used_int=\count284
\l__um_primecount_int=\count285
\g__um_primekern_muskip=\muskip17
(c:/Users/lhbik/AppData/Roaming/TinyTeX/texmf-dist/tex/latex/unicode-math/unicode-math-table.tex))) (c:/Users/lhbik/AppData/Roaming/TinyTeX/texmf-dist/tex/latex/lm/lmodern.sty
Package: lmodern 2015/05/01 v1.6.1 Latin Modern Fonts
LaTeX Font Info:    Overwriting symbol font `operators' in version `normal'
(Font)                  OT1/cmr/m/n --> OT1/lmr/m/n on input line 22.
LaTeX Font Info:    Overwriting symbol font `letters' in version `normal'
(Font)                  OML/cmm/m/it --> OML/lmm/m/it on input line 23.
LaTeX Font Info:    Overwriting symbol font `symbols' in version `normal'
(Font)                  OMS/cmsy/m/n --> OMS/lmsy/m/n on input line 24.
LaTeX Font Info:    Overwriting symbol font `largesymbols' in version `normal'
(Font)                  OMX/cmex/m/n --> OMX/lmex/m/n on input line 25.
LaTeX Font Info:    Overwriting symbol font `operators' in version `bold'
(Font)                  OT1/cmr/bx/n --> OT1/lmr/bx/n on input line 26.
LaTeX Font Info:    Overwriting symbol font `letters' in version `bold'
(Font)                  OML/cmm/b/it --> OML/lmm/b/it on input line 27.
LaTeX Font Info:    Overwriting symbol font `symbols' in version `bold'
(Font)                  OMS/cmsy/b/n --> OMS/lmsy/b/n on input line 28.
LaTeX Font Info:    Overwriting symbol font `largesymbols' in version `bold'
(Font)                  OMX/cmex/m/n --> OMX/lmex/m/n on input line 29.
LaTeX Font Info:    Overwriting math alphabet `\mathbf' in version `normal'
(Font)                  OT1/cmr/bx/n --> OT1/lmr/bx/n on input line 31.
LaTeX Font Info:    Overwriting math alphabet `\mathsf' in version `normal'
(Font)                  OT1/cmss/m/n --> OT1/lmss/m/n on input line 32.
LaTeX Font Info:    Overwriting math alphabet `\mathit' in version `normal'
(Font)                  OT1/cmr/m/it --> OT1/lmr/m/it on input line 33.
LaTeX Font Info:    Overwriting math alphabet `\mathtt' in version `normal'
(Font)                  OT1/cmtt/m/n --> OT1/lmtt/m/n on input line 34.
LaTeX Font Info:    Overwriting math alphabet `\mathbf' in version `bold'
(Font)                  OT1/cmr/bx/n --> OT1/lmr/bx/n on input line 35.
LaTeX Font Info:    Overwriting math alphabet `\mathsf' in version `bold'
(Font)                  OT1/cmss/bx/n --> OT1/lmss/bx/n on input line 36.
LaTeX Font Info:    Overwriting math alphabet `\mathit' in version `bold'
(Font)                  OT1/cmr/bx/it --> OT1/lmr/bx/it on input line 37.
LaTeX Font Info:    Overwriting math alphabet `\mathtt' in version `bold'
(Font)                  OT1/cmtt/m/n --> OT1/lmtt/m/n on input line 38.
) (c:/Users/lhbik/AppData/Roaming/TinyTeX/texmf-dist/tex/latex/xcolor/xcolor.sty
Package: xcolor 2022/06/12 v2.14 LaTeX color extensions (UK)
(c:/Users/lhbik/AppData/Roaming/TinyTeX/texmf-dist/tex/latex/graphics-cfg/color.cfg
File: color.cfg 2016/01/02 v1.6 sample color configuration
)
Package xcolor Info: Driver file: xetex.def on input line 227.
(c:/Users/lhbik/AppData/Roaming/TinyTeX/texmf-dist/tex/latex/graphics-def/xetex.def
File: xetex.def 2022/09/22 v5.0n Graphics/color driver for xetex
) (c:/Users/lhbik/AppData/Roaming/TinyTeX/texmf-dist/tex/latex/graphics/mathcolor.ltx)
Package xcolor Info: Model `cmy' substituted by `cmy0' on input line 1353.
Package xcolor Info: Model `RGB' extended on input line 1369.
Package xcolor Info: Model `HTML' substituted by `rgb' on input line 1371.
Package xcolor Info: Model `Hsb' substituted by `hsb' on input line 1372.
Package xcolor Info: Model `tHsb' substituted by `hsb' on input line 1373.
Package xcolor Info: Model `HSB' substituted by `hsb' on input line 1374.
Package xcolor Info: Model `Gray' substituted by `gray' on input line 1375.
Package xcolor Info: Model `wave' substituted by `hsb' on input line 1376.
(c:/Users/lhbik/AppData/Roaming/TinyTeX/texmf-dist/tex/latex/graphics/dvipsnam.def
File: dvipsnam.def 2016/06/17 v3.0m Driver-dependent file (DPC,SPQR)
) (c:/Users/lhbik/AppData/Roaming/TinyTeX/texmf-dist/tex/latex/xcolor/svgnam.def
File: svgnam.def 2022/06/12 v2.14 Predefined colors according to SVG 1.1 (UK)
) (c:/Users/lhbik/AppData/Roaming/TinyTeX/texmf-dist/tex/latex/xcolor/x11nam.def
File: x11nam.def 2022/06/12 v2.14 Predefined colors according to Unix/X11 (UK)
)) (c:/Users/lhbik/AppData/Roaming/TinyTeX/texmf-dist/tex/latex/geometry/geometry.sty
Package: geometry 2020/01/02 v5.9 Page Geometry
(c:/Users/lhbik/AppData/Roaming/TinyTeX/texmf-dist/tex/latex/graphics/keyval.sty
Package: keyval 2022/05/29 v1.15 key=value parser (DPC)
\KV@toks@=\toks22
) (c:/Users/lhbik/AppData/Roaming/TinyTeX/texmf-dist/tex/generic/iftex/ifvtex.sty
Package: ifvtex 2019/10/25 v1.7 ifvtex legacy package. Use iftex instead.
)
\Gm@cnth=\count286
\Gm@cntv=\count287
\c@Gm@tempcnt=\count288
\Gm@bindingoffset=\dimen153
\Gm@wd@mp=\dimen154
\Gm@odd@mp=\dimen155
\Gm@even@mp=\dimen156
\Gm@layoutwidth=\dimen157
\Gm@layoutheight=\dimen158
\Gm@layouthoffset=\dimen159
\Gm@layoutvoffset=\dimen160
\Gm@dimlist=\toks23
) (c:/Users/lhbik/AppData/Roaming/TinyTeX/texmf-dist/tex/latex/fancyvrb/fancyvrb.sty
Package: fancyvrb 2023/01/19 4.5a verbatim text (tvz,hv)
\FV@CodeLineNo=\count289
\FV@InFile=\read2
\FV@TabBox=\box54
\c@FancyVerbLine=\count290
\FV@StepNumber=\count291
\FV@OutFile=\write3
) (c:/Users/lhbik/AppData/Roaming/TinyTeX/texmf-dist/tex/latex/framed/framed.sty
Package: framed 2011/10/22 v 0.96: framed or shaded text with page breaks
\OuterFrameSep=\skip53
\fb@frw=\dimen161
\fb@frh=\dimen162
\FrameRule=\dimen163
\FrameSep=\dimen164
) (c:/Users/lhbik/AppData/Roaming/TinyTeX/texmf-dist/tex/latex/tools/longtable.sty
Package: longtable 2021-09-01 v4.17 Multi-page Table package (DPC)
\LTleft=\skip54
\LTright=\skip55
\LTpre=\skip56
\LTpost=\skip57
\LTchunksize=\count292
\LTcapwidth=\dimen165
\LT@head=\box55
\LT@firsthead=\box56
\LT@foot=\box57
\LT@lastfoot=\box58
\LT@gbox=\box59
\LT@cols=\count293
\LT@rows=\count294
\c@LT@tables=\count295
\c@LT@chunks=\count296
\LT@p@ftn=\toks24
) (c:/Users/lhbik/AppData/Roaming/TinyTeX/texmf-dist/tex/latex/booktabs/booktabs.sty
Package: booktabs 2020/01/12 v1.61803398 Publication quality tables
\heavyrulewidth=\dimen166
\lightrulewidth=\dimen167
\cmidrulewidth=\dimen168
\belowrulesep=\dimen169
\belowbottomsep=\dimen170
\aboverulesep=\dimen171
\abovetopsep=\dimen172
\cmidrulesep=\dimen173
\cmidrulekern=\dimen174
\defaultaddspace=\dimen175
\@cmidla=\count297
\@cmidlb=\count298
\@aboverulesep=\dimen176
\@belowrulesep=\dimen177
\@thisruleclass=\count299
\@lastruleclass=\count300
\@thisrulewidth=\dimen178
) (c:/Users/lhbik/AppData/Roaming/TinyTeX/texmf-dist/tex/latex/tools/array.sty
Package: array 2022/09/04 v2.5g Tabular extension package (FMi)
\col@sep=\dimen179
\ar@mcellbox=\box60
\extrarowheight=\dimen180
\NC@list=\toks25
\extratabsurround=\skip58
\backup@length=\skip59
\ar@cellbox=\box61
) (c:/Users/lhbik/AppData/Roaming/TinyTeX/texmf-dist/tex/latex/tools/calc.sty
Package: calc 2017/05/25 v4.3 Infix arithmetic (KKT,FJ)
\calc@Acount=\count301
\calc@Bcount=\count302
\calc@Adimen=\dimen181
\calc@Bdimen=\dimen182
\calc@Askip=\skip60
\calc@Bskip=\skip61
LaTeX Info: Redefining \setlength on input line 80.
LaTeX Info: Redefining \addtolength on input line 81.
\calc@Ccount=\count303
\calc@Cskip=\skip62
) (c:/Users/lhbik/AppData/Roaming/TinyTeX/texmf-dist/tex/latex/etoolbox/etoolbox.sty
Package: etoolbox 2020/10/05 v2.5k e-TeX tools for LaTeX (JAW)
\etb@tempcnta=\count304
) (c:/Users/lhbik/AppData/Roaming/TinyTeX/texmf-dist/tex/latex/mdwtools/footnote.sty
Package: footnote 1997/01/28 1.13 Save footnotes around boxes
\fn@notes=\box62
\fn@width=\dimen183
) (c:/Users/lhbik/AppData/Roaming/TinyTeX/texmf-dist/tex/latex/graphics/graphicx.sty
Package: graphicx 2021/09/16 v1.2d Enhanced LaTeX Graphics (DPC,SPQR)
(c:/Users/lhbik/AppData/Roaming/TinyTeX/texmf-dist/tex/latex/graphics/graphics.sty
Package: graphics 2022/03/10 v1.4e Standard LaTeX Graphics (DPC,SPQR)
(c:/Users/lhbik/AppData/Roaming/TinyTeX/texmf-dist/tex/latex/graphics/trig.sty
Package: trig 2021/08/11 v1.11 sin cos tan (DPC)
) (c:/Users/lhbik/AppData/Roaming/TinyTeX/texmf-dist/tex/latex/graphics-cfg/graphics.cfg
File: graphics.cfg 2016/06/04 v1.11 sample graphics configuration
)
Package graphics Info: Driver file: xetex.def on input line 107.
)
\Gin@req@height=\dimen184
\Gin@req@width=\dimen185
) (c:/Users/lhbik/AppData/Roaming/TinyTeX/texmf-dist/tex/latex/natbib/natbib.sty
Package: natbib 2010/09/13 8.31b (PWD, AO)
\bibhang=\skip63
\bibsep=\skip64
LaTeX Info: Redefining \cite on input line 694.
\c@NAT@ctr=\count305
) (c:/Users/lhbik/AppData/Roaming/TinyTeX/texmf-dist/tex/latex/hyperref/hyperref.sty
Package: hyperref 2023-07-08 v7.01b Hypertext links for LaTeX
(c:/Users/lhbik/AppData/Roaming/TinyTeX/texmf-dist/tex/generic/ltxcmds/ltxcmds.sty
Package: ltxcmds 2020-05-10 v1.25 LaTeX kernel commands for general use (HO)
) (c:/Users/lhbik/AppData/Roaming/TinyTeX/texmf-dist/tex/generic/pdftexcmds/pdftexcmds.sty
Package: pdftexcmds 2020-06-27 v0.33 Utility functions of pdfTeX for LuaTeX (HO)
(c:/Users/lhbik/AppData/Roaming/TinyTeX/texmf-dist/tex/generic/infwarerr/infwarerr.sty
Package: infwarerr 2019/12/03 v1.5 Providing info/warning/error messages (HO)
)
Package pdftexcmds Info: \pdf@primitive is available.
Package pdftexcmds Info: \pdf@ifprimitive is available.
Package pdftexcmds Info: \pdfdraftmode not found.
) (c:/Users/lhbik/AppData/Roaming/TinyTeX/texmf-dist/tex/latex/kvsetkeys/kvsetkeys.sty
Package: kvsetkeys 2022-10-05 v1.19 Key value parser (HO)
) (c:/Users/lhbik/AppData/Roaming/TinyTeX/texmf-dist/tex/generic/kvdefinekeys/kvdefinekeys.sty
Package: kvdefinekeys 2019-12-19 v1.6 Define keys (HO)
) (c:/Users/lhbik/AppData/Roaming/TinyTeX/texmf-dist/tex/generic/pdfescape/pdfescape.sty
Package: pdfescape 2019/12/09 v1.15 Implements pdfTeX's escape features (HO)
) (c:/Users/lhbik/AppData/Roaming/TinyTeX/texmf-dist/tex/latex/hycolor/hycolor.sty
Package: hycolor 2020-01-27 v1.10 Color options for hyperref/bookmark (HO)
) (c:/Users/lhbik/AppData/Roaming/TinyTeX/texmf-dist/tex/latex/letltxmacro/letltxmacro.sty
Package: letltxmacro 2019/12/03 v1.6 Let assignment for LaTeX macros (HO)
) (c:/Users/lhbik/AppData/Roaming/TinyTeX/texmf-dist/tex/latex/auxhook/auxhook.sty
Package: auxhook 2019-12-17 v1.6 Hooks for auxiliary files (HO)
) (c:/Users/lhbik/AppData/Roaming/TinyTeX/texmf-dist/tex/latex/hyperref/nameref.sty
Package: nameref 2023-08-07 v2.53 Cross-referencing by name of section
(c:/Users/lhbik/AppData/Roaming/TinyTeX/texmf-dist/tex/latex/refcount/refcount.sty
Package: refcount 2019/12/15 v3.6 Data extraction from label references (HO)
) (c:/Users/lhbik/AppData/Roaming/TinyTeX/texmf-dist/tex/generic/gettitlestring/gettitlestring.sty
Package: gettitlestring 2019/12/15 v1.6 Cleanup title references (HO)
(c:/Users/lhbik/AppData/Roaming/TinyTeX/texmf-dist/tex/latex/kvoptions/kvoptions.sty
Package: kvoptions 2022-06-15 v3.15 Key value format for package options (HO)
))
\c@section@level=\count306
)
\@linkdim=\dimen186
\Hy@linkcounter=\count307
\Hy@pagecounter=\count308
(c:/Users/lhbik/AppData/Roaming/TinyTeX/texmf-dist/tex/latex/hyperref/pd1enc.def
File: pd1enc.def 2023-07-08 v7.01b Hyperref: PDFDocEncoding definition (HO)
) (c:/Users/lhbik/AppData/Roaming/TinyTeX/texmf-dist/tex/generic/intcalc/intcalc.sty
Package: intcalc 2019/12/15 v1.3 Expandable calculations with integers (HO)
)
\Hy@SavedSpaceFactor=\count309
(c:/Users/lhbik/AppData/Roaming/TinyTeX/texmf-dist/tex/latex/hyperref/puenc.def
File: puenc.def 2023-07-08 v7.01b Hyperref: PDF Unicode definition (HO)
)
Package hyperref Info: Option `unicode' set `true' on input line 4050.
Package hyperref Info: Hyper figures OFF on input line 4167.
Package hyperref Info: Link nesting OFF on input line 4172.
Package hyperref Info: Hyper index ON on input line 4175.
Package hyperref Info: Plain pages OFF on input line 4182.
Package hyperref Info: Backreferencing OFF on input line 4187.
Package hyperref Info: Implicit mode ON; LaTeX internals redefined.
Package hyperref Info: Bookmarks ON on input line 4434.
\c@Hy@tempcnt=\count310
(c:/Users/lhbik/AppData/Roaming/TinyTeX/texmf-dist/tex/latex/url/url.sty
\Urlmuskip=\muskip18
Package: url 2013/09/16  ver 3.4  Verb mode for urls, etc.
)
LaTeX Info: Redefining \url on input line 4772.
\XeTeXLinkMargin=\dimen187
(c:/Users/lhbik/AppData/Roaming/TinyTeX/texmf-dist/tex/generic/bitset/bitset.sty
Package: bitset 2019/12/09 v1.3 Handle bit-vector datatype (HO)
(c:/Users/lhbik/AppData/Roaming/TinyTeX/texmf-dist/tex/generic/bigintcalc/bigintcalc.sty
Package: bigintcalc 2019/12/15 v1.5 Expandable calculations on big integers (HO)
))
\Fld@menulength=\count311
\Field@Width=\dimen188
\Fld@charsize=\dimen189
Package hyperref Info: Hyper figures OFF on input line 6051.
Package hyperref Info: Link nesting OFF on input line 6056.
Package hyperref Info: Hyper index ON on input line 6059.
Package hyperref Info: backreferencing OFF on input line 6066.
Package hyperref Info: Link coloring OFF on input line 6071.
Package hyperref Info: Link coloring with OCG OFF on input line 6076.
Package hyperref Info: PDF/A mode OFF on input line 6081.
(c:/Users/lhbik/AppData/Roaming/TinyTeX/texmf-dist/tex/latex/base/atbegshi-ltx.sty
Package: atbegshi-ltx 2021/01/10 v1.0c Emulation of the original atbegshi
package with kernel methods
)
\Hy@abspage=\count312
\c@Item=\count313
\c@Hfootnote=\count314
)
Package hyperref Info: Driver (autodetected): hxetex.
(c:/Users/lhbik/AppData/Roaming/TinyTeX/texmf-dist/tex/latex/hyperref/hxetex.def
File: hxetex.def 2023-07-08 v7.01b Hyperref driver for XeTeX
(c:/Users/lhbik/AppData/Roaming/TinyTeX/texmf-dist/tex/generic/stringenc/stringenc.sty
Package: stringenc 2019/11/29 v1.12 Convert strings between diff. encodings (HO)
)
\pdfm@box=\box63
\c@Hy@AnnotLevel=\count315
\HyField@AnnotCount=\count316
\Fld@listcount=\count317
\c@bookmark@seq@number=\count318
(c:/Users/lhbik/AppData/Roaming/TinyTeX/texmf-dist/tex/latex/rerunfilecheck/rerunfilecheck.sty
Package: rerunfilecheck 2022-07-10 v1.10 Rerun checks for auxiliary files (HO)
(c:/Users/lhbik/AppData/Roaming/TinyTeX/texmf-dist/tex/latex/base/atveryend-ltx.sty
Package: atveryend-ltx 2020/08/19 v1.0a Emulation of the original atveryend package
with kernel methods
) (c:/Users/lhbik/AppData/Roaming/TinyTeX/texmf-dist/tex/generic/uniquecounter/uniquecounter.sty
Package: uniquecounter 2019/12/15 v1.4 Provide unlimited unique counter (HO)
)
Package uniquecounter Info: New unique counter `rerunfilecheck' on input line 285.
)
\Hy@SectionHShift=\skip65
)
Package hyperref Info: Option `colorlinks' set `true' on input line 126.
(./ReC_MultMod.aux

LaTeX Warning: Label `id' multiply defined.

)
\openout1 = `ReC_MultMod.aux'.

LaTeX Font Info:    Checking defaults for OML/cmm/m/it on input line 132.
LaTeX Font Info:    ... okay on input line 132.
LaTeX Font Info:    Checking defaults for OMS/cmsy/m/n on input line 132.
LaTeX Font Info:    ... okay on input line 132.
LaTeX Font Info:    Checking defaults for OT1/cmr/m/n on input line 132.
LaTeX Font Info:    ... okay on input line 132.
LaTeX Font Info:    Checking defaults for T1/cmr/m/n on input line 132.
LaTeX Font Info:    ... okay on input line 132.
LaTeX Font Info:    Checking defaults for TS1/cmr/m/n on input line 132.
LaTeX Font Info:    ... okay on input line 132.
LaTeX Font Info:    Checking defaults for TU/lmr/m/n on input line 132.
LaTeX Font Info:    ... okay on input line 132.
LaTeX Font Info:    Checking defaults for OMX/cmex/m/n on input line 132.
LaTeX Font Info:    ... okay on input line 132.
LaTeX Font Info:    Checking defaults for U/cmr/m/n on input line 132.
LaTeX Font Info:    ... okay on input line 132.
LaTeX Font Info:    Checking defaults for PD1/pdf/m/n on input line 132.
LaTeX Font Info:    ... okay on input line 132.
LaTeX Font Info:    Checking defaults for PU/pdf/m/n on input line 132.
LaTeX Font Info:    ... okay on input line 132.
LaTeX Font Info:    Overwriting math alphabet `\mathrm' in version `normal'
(Font)                  OT1/lmr/m/n --> TU/lmr/m/n on input line 132.
LaTeX Font Info:    Overwriting math alphabet `\mathit' in version `normal'
(Font)                  OT1/lmr/m/it --> TU/lmr/m/it on input line 132.
LaTeX Font Info:    Overwriting math alphabet `\mathbf' in version `normal'
(Font)                  OT1/lmr/bx/n --> TU/lmr/bx/n on input line 132.
LaTeX Font Info:    Overwriting math alphabet `\mathsf' in version `normal'
(Font)                  OT1/lmss/m/n --> TU/lmss/m/n on input line 132.
LaTeX Font Info:    Overwriting math alphabet `\mathsf' in version `bold'
(Font)                  OT1/lmss/bx/n --> TU/lmss/bx/n on input line 132.
LaTeX Font Info:    Overwriting math alphabet `\mathtt' in version `normal'
(Font)                  OT1/lmtt/m/n --> TU/lmtt/m/n on input line 132.
LaTeX Font Info:    Overwriting math alphabet `\mathtt' in version `bold'
(Font)                  OT1/lmtt/m/n --> TU/lmtt/bx/n on input line 132.

Package fontspec Info: latinmodern-math scale = 0.9999967668407183.


Package fontspec Info: latinmodern-math scale = 0.9999967668407183.


Package fontspec Info: latinmodern-math scale = 0.9999967668407183.


Package fontspec Info: Font family 'latinmodern-math.otf(0)' created for font
(fontspec)             'latinmodern-math.otf' with options
(fontspec)             [Scale=MatchLowercase,BoldItalicFont={},ItalicFont={},SmallCapsFont={},Script=Math,BoldFont={latinmodern-math.otf}].
(fontspec)              
(fontspec)              This font family consists of the following NFSS
(fontspec)             series/shapes:
(fontspec)              
(fontspec)             - 'normal' (m/n) with NFSS spec.:
(fontspec)             <->s*[0.9999967668407183]"[latinmodern-math.otf]/OT:script=math;language=dflt;"
(fontspec)             - 'small caps'  (m/sc) with NFSS spec.: 
(fontspec)             - 'bold' (b/n) with NFSS spec.:
(fontspec)             <->s*[0.9999967668407183]"[latinmodern-math.otf]/OT:script=math;language=dflt;"
(fontspec)             - 'bold small caps'  (b/sc) with NFSS spec.: 

LaTeX Font Info:    Font shape `TU/latinmodern-math.otf(0)/m/n' will be
(Font)              scaled to size 10.95pt on input line 132.

Package fontspec Info: latinmodern-math scale = 0.9999967668407183.


Package fontspec Info: latinmodern-math scale = 0.9999967668407183.


Package fontspec Info: latinmodern-math scale = 0.9999967668407183.


Package fontspec Info: latinmodern-math scale = 0.9999967668407183.


Package fontspec Info: latinmodern-math scale = 0.9999967668407183.


Package fontspec Info: Font family 'latinmodern-math.otf(1)' created for font
(fontspec)             'latinmodern-math.otf' with options
(fontspec)             [Scale=MatchLowercase,BoldItalicFont={},ItalicFont={},SmallCapsFont={},Script=Math,SizeFeatures={{Size=9.3075-},{Size=6.57-9.3075,Font=latinmodern-math.otf,Style=MathScript},{Size=-6.57,Font=latinmodern-math.otf,Style=MathScriptScript}},BoldFont={latinmodern-math.otf}].
(fontspec)              
(fontspec)              This font family consists of the following NFSS
(fontspec)             series/shapes:
(fontspec)              
(fontspec)             - 'normal' (m/n) with NFSS spec.:
(fontspec)             <9.3075->s*[0.9999967668407183]"[latinmodern-math.otf]/OT:script=math;language=dflt;"<6.57-9.3075>s*[0.9999967668407183]"[latinmodern-math.otf]/OT:script=math;language=dflt;+ssty=0;"<-6.57>s*[0.9999967668407183]"[latinmodern-math.otf]/OT:script=math;language=dflt;+ssty=1;"
(fontspec)             - 'small caps'  (m/sc) with NFSS spec.: 
(fontspec)             - 'bold' (b/n) with NFSS spec.:
(fontspec)             <->s*[0.9999967668407183]"[latinmodern-math.otf]/OT:script=math;language=dflt;"
(fontspec)             - 'bold small caps'  (b/sc) with NFSS spec.: 

LaTeX Font Info:    Font shape `TU/latinmodern-math.otf(1)/m/n' will be
(Font)              scaled to size 10.95pt on input line 132.
LaTeX Font Info:    Encoding `OT1' has changed to `TU' for symbol font
(Font)              `operators' in the math version `normal' on input line 132.
LaTeX Font Info:    Overwriting symbol font `operators' in version `normal'
(Font)                  OT1/lmr/m/n --> TU/latinmodern-math.otf(1)/m/n on input line 132.
LaTeX Font Info:    Encoding `OT1' has changed to `TU' for symbol font
(Font)              `operators' in the math version `bold' on input line 132.
LaTeX Font Info:    Overwriting symbol font `operators' in version `bold'
(Font)                  OT1/lmr/bx/n --> TU/latinmodern-math.otf(1)/b/n on input line 132.

Package fontspec Info: latinmodern-math scale = 0.9999967668407183.


Package fontspec Info: latinmodern-math scale = 1.000096766517402.


Package fontspec Info: latinmodern-math scale = 0.9999967668407183.


Package fontspec Info: latinmodern-math scale = 1.000096766517402.


Package fontspec Info: latinmodern-math scale = 0.9999967668407183.


Package fontspec Info: latinmodern-math scale = 1.000096766517402.


Package fontspec Info: latinmodern-math scale = 0.9999967668407183.


Package fontspec Info: latinmodern-math scale = 1.000096766517402.


Package fontspec Info: latinmodern-math scale = 0.9999967668407183.


Package fontspec Info: latinmodern-math scale = 1.000096766517402.


Package fontspec Info: Font family 'latinmodern-math.otf(2)' created for font
(fontspec)             'latinmodern-math.otf' with options
(fontspec)             [Scale=MatchLowercase,BoldItalicFont={},ItalicFont={},SmallCapsFont={},Script=Math,SizeFeatures={{Size=9.3075-},{Size=6.57-9.3075,Font=latinmodern-math.otf,Style=MathScript},{Size=-6.57,Font=latinmodern-math.otf,Style=MathScriptScript}},BoldFont={latinmodern-math.otf},ScaleAgain=1.0001,FontAdjustment={\fontdimen
(fontspec)             8\font =7.41315pt\relax \fontdimen 9\font
(fontspec)             =4.3143pt\relax \fontdimen 10\font =4.8618pt\relax
(fontspec)             \fontdimen 11\font =7.5117pt\relax \fontdimen 12\font
(fontspec)             =3.77776pt\relax \fontdimen 13\font =3.97485pt\relax
(fontspec)             \fontdimen 14\font =3.97485pt\relax \fontdimen 15\font
(fontspec)             =3.16455pt\relax \fontdimen 16\font =2.70465pt\relax
(fontspec)             \fontdimen 17\font =2.70465pt\relax \fontdimen 18\font
(fontspec)             =2.7375pt\relax \fontdimen 19\font =2.19pt\relax
(fontspec)             \fontdimen 22\font =2.7375pt\relax \fontdimen 20\font
(fontspec)             =0pt\relax \fontdimen 21\font =0pt\relax }].
(fontspec)              
(fontspec)              This font family consists of the following NFSS
(fontspec)             series/shapes:
(fontspec)              
(fontspec)             - 'normal' (m/n) with NFSS spec.:
(fontspec)             <9.3075->s*[1.000096766517402]"[latinmodern-math.otf]/OT:script=math;language=dflt;"<6.57-9.3075>s*[1.000096766517402]"[latinmodern-math.otf]/OT:script=math;language=dflt;+ssty=0;"<-6.57>s*[1.000096766517402]"[latinmodern-math.otf]/OT:script=math;language=dflt;+ssty=1;"
(fontspec)             - 'small caps'  (m/sc) with NFSS spec.: 
(fontspec)             and font adjustment code:
(fontspec)             \fontdimen 8\font =7.41315pt\relax \fontdimen 9\font
(fontspec)             =4.3143pt\relax \fontdimen 10\font =4.8618pt\relax
(fontspec)             \fontdimen 11\font =7.5117pt\relax \fontdimen 12\font
(fontspec)             =3.77776pt\relax \fontdimen 13\font =3.97485pt\relax
(fontspec)             \fontdimen 14\font =3.97485pt\relax \fontdimen 15\font
(fontspec)             =3.16455pt\relax \fontdimen 16\font =2.70465pt\relax
(fontspec)             \fontdimen 17\font =2.70465pt\relax \fontdimen 18\font
(fontspec)             =2.7375pt\relax \fontdimen 19\font =2.19pt\relax
(fontspec)             \fontdimen 22\font =2.7375pt\relax \fontdimen 20\font
(fontspec)             =0pt\relax \fontdimen 21\font =0pt\relax 
(fontspec)             - 'bold' (b/n) with NFSS spec.:
(fontspec)             <->s*[1.000096766517402]"[latinmodern-math.otf]/OT:script=math;language=dflt;"
(fontspec)             - 'bold small caps'  (b/sc) with NFSS spec.: 
(fontspec)             and font adjustment code:
(fontspec)             \fontdimen 8\font =7.41315pt\relax \fontdimen 9\font
(fontspec)             =4.3143pt\relax \fontdimen 10\font =4.8618pt\relax
(fontspec)             \fontdimen 11\font =7.5117pt\relax \fontdimen 12\font
(fontspec)             =3.77776pt\relax \fontdimen 13\font =3.97485pt\relax
(fontspec)             \fontdimen 14\font =3.97485pt\relax \fontdimen 15\font
(fontspec)             =3.16455pt\relax \fontdimen 16\font =2.70465pt\relax
(fontspec)             \fontdimen 17\font =2.70465pt\relax \fontdimen 18\font
(fontspec)             =2.7375pt\relax \fontdimen 19\font =2.19pt\relax
(fontspec)             \fontdimen 22\font =2.7375pt\relax \fontdimen 20\font
(fontspec)             =0pt\relax \fontdimen 21\font =0pt\relax 

LaTeX Font Info:    Encoding `OMS' has changed to `TU' for symbol font
(Font)              `symbols' in the math version `normal' on input line 132.
LaTeX Font Info:    Overwriting symbol font `symbols' in version `normal'
(Font)                  OMS/lmsy/m/n --> TU/latinmodern-math.otf(2)/m/n on input line 132.
LaTeX Font Info:    Encoding `OMS' has changed to `TU' for symbol font
(Font)              `symbols' in the math version `bold' on input line 132.
LaTeX Font Info:    Overwriting symbol font `symbols' in version `bold'
(Font)                  OMS/lmsy/b/n --> TU/latinmodern-math.otf(2)/b/n on input line 132.

Package fontspec Info: latinmodern-math scale = 0.9999967668407183.


Package fontspec Info: latinmodern-math scale = 0.9998967671640342.


Package fontspec Info: latinmodern-math scale = 0.9999967668407183.


Package fontspec Info: latinmodern-math scale = 0.9998967671640342.


Package fontspec Info: latinmodern-math scale = 0.9999967668407183.


Package fontspec Info: latinmodern-math scale = 0.9998967671640342.


Package fontspec Info: latinmodern-math scale = 0.9999967668407183.


Package fontspec Info: latinmodern-math scale = 0.9998967671640342.


Package fontspec Info: latinmodern-math scale = 0.9999967668407183.


Package fontspec Info: latinmodern-math scale = 0.9998967671640342.


Package fontspec Info: Font family 'latinmodern-math.otf(3)' created for font
(fontspec)             'latinmodern-math.otf' with options
(fontspec)             [Scale=MatchLowercase,BoldItalicFont={},ItalicFont={},SmallCapsFont={},Script=Math,SizeFeatures={{Size=9.3075-},{Size=6.57-9.3075,Font=latinmodern-math.otf,Style=MathScript},{Size=-6.57,Font=latinmodern-math.otf,Style=MathScriptScript}},BoldFont={latinmodern-math.otf},ScaleAgain=0.9999,FontAdjustment={\fontdimen
(fontspec)             8\font =0.438pt\relax \fontdimen 9\font =2.19pt\relax
(fontspec)             \fontdimen 10\font =1.82864pt\relax \fontdimen 11\font
(fontspec)             =1.21545pt\relax \fontdimen 12\font =6.56999pt\relax
(fontspec)             \fontdimen 13\font =0pt\relax }].
(fontspec)              
(fontspec)              This font family consists of the following NFSS
(fontspec)             series/shapes:
(fontspec)              
(fontspec)             - 'normal' (m/n) with NFSS spec.:
(fontspec)             <9.3075->s*[0.9998967671640342]"[latinmodern-math.otf]/OT:script=math;language=dflt;"<6.57-9.3075>s*[0.9998967671640342]"[latinmodern-math.otf]/OT:script=math;language=dflt;+ssty=0;"<-6.57>s*[0.9998967671640342]"[latinmodern-math.otf]/OT:script=math;language=dflt;+ssty=1;"
(fontspec)             - 'small caps'  (m/sc) with NFSS spec.: 
(fontspec)             and font adjustment code:
(fontspec)             \fontdimen 8\font =0.438pt\relax \fontdimen 9\font
(fontspec)             =2.19pt\relax \fontdimen 10\font =1.82864pt\relax
(fontspec)             \fontdimen 11\font =1.21545pt\relax \fontdimen 12\font
(fontspec)             =6.56999pt\relax \fontdimen 13\font =0pt\relax 
(fontspec)             - 'bold' (b/n) with NFSS spec.:
(fontspec)             <->s*[0.9998967671640342]"[latinmodern-math.otf]/OT:script=math;language=dflt;"
(fontspec)             - 'bold small caps'  (b/sc) with NFSS spec.: 
(fontspec)             and font adjustment code:
(fontspec)             \fontdimen 8\font =0.438pt\relax \fontdimen 9\font
(fontspec)             =2.19pt\relax \fontdimen 10\font =1.82864pt\relax
(fontspec)             \fontdimen 11\font =1.21545pt\relax \fontdimen 12\font
(fontspec)             =6.56999pt\relax \fontdimen 13\font =0pt\relax 

LaTeX Font Info:    Encoding `OMX' has changed to `TU' for symbol font
(Font)              `largesymbols' in the math version `normal' on input line 132.
LaTeX Font Info:    Overwriting symbol font `largesymbols' in version `normal'
(Font)                  OMX/lmex/m/n --> TU/latinmodern-math.otf(3)/m/n on input line 132.
LaTeX Font Info:    Encoding `OMX' has changed to `TU' for symbol font
(Font)              `largesymbols' in the math version `bold' on input line 132.
LaTeX Font Info:    Overwriting symbol font `largesymbols' in version `bold'
(Font)                  OMX/lmex/m/n --> TU/latinmodern-math.otf(3)/b/n on input line 132.
*geometry* driver: auto-detecting
*geometry* detected driver: xetex
*geometry* verbose mode - [ preamble ] result:
* driver: xetex
* paper: <default>
* layout: <same size as paper>
* layoutoffset:(h,v)=(0.0pt,0.0pt)
* modes: twoside 
* h-part:(L,W,R)=(72.26999pt, 469.75502pt, 72.26999pt)
* v-part:(T,H,B)=(72.26999pt, 650.43001pt, 72.26999pt)
* \paperwidth=614.295pt
* \paperheight=794.96999pt
* \textwidth=469.75502pt
* \textheight=650.43001pt
* \oddsidemargin=0.0pt
* \evensidemargin=0.0pt
* \topmargin=-31.8738pt
* \headheight=12.0pt
* \headsep=19.8738pt
* \topskip=11.0pt
* \footskip=27.46295pt
* \marginparwidth=116.0pt
* \marginparsep=7.0pt
* \columnsep=10.0pt
* \skip\footins=10.0pt plus 4.0pt minus 2.0pt
* \hoffset=0.0pt
* \voffset=0.0pt
* \mag=1000
* \@twocolumnfalse
* \@twosidetrue
* \@mparswitchtrue
* \@reversemarginfalse
* (1in=72.27pt=25.4mm, 1cm=28.453pt)

Package hyperref Info: Link coloring ON on input line 132.
(./ReC_MultMod.out) (./ReC_MultMod.out)
\@outlinefile=\write4
\openout4 = `ReC_MultMod.out'.

LaTeX Font Info:    Font shape `TU/latinmodern-math.otf(1)/m/n' will be
(Font)              scaled to size 12.0pt on input line 134.
LaTeX Font Info:    Font shape `TU/latinmodern-math.otf(1)/m/n' will be
(Font)              scaled to size 8.0pt on input line 134.
LaTeX Font Info:    Font shape `TU/latinmodern-math.otf(1)/m/n' will be
(Font)              scaled to size 6.0pt on input line 134.
LaTeX Font Info:    Trying to load font information for OML+lmm on input line 134.
(c:/Users/lhbik/AppData/Roaming/TinyTeX/texmf-dist/tex/latex/lm/omllmm.fd
File: omllmm.fd 2015/05/01 v1.6.1 Font defs for Latin Modern
)
LaTeX Font Info:    Font shape `TU/latinmodern-math.otf(2)/m/n' will be
(Font)              scaled to size 12.0011pt on input line 134.
LaTeX Font Info:    Font shape `TU/latinmodern-math.otf(2)/m/n' will be
(Font)              scaled to size 8.00073pt on input line 134.
LaTeX Font Info:    Font shape `TU/latinmodern-math.otf(2)/m/n' will be
(Font)              scaled to size 6.00055pt on input line 134.
LaTeX Font Info:    Font shape `TU/latinmodern-math.otf(3)/m/n' will be
(Font)              scaled to size 11.99872pt on input line 134.
LaTeX Font Info:    Font shape `TU/latinmodern-math.otf(3)/m/n' will be
(Font)              scaled to size 7.99915pt on input line 134.
LaTeX Font Info:    Font shape `TU/latinmodern-math.otf(3)/m/n' will be
(Font)              scaled to size 5.99936pt on input line 134.
LaTeX Font Info:    Trying to load font information for U+msa on input line 134.
(c:/Users/lhbik/AppData/Roaming/TinyTeX/texmf-dist/tex/latex/amsfonts/umsa.fd
File: umsa.fd 2013/01/14 v3.01 AMS symbols A
)
LaTeX Font Info:    Trying to load font information for U+msb on input line 134.
(c:/Users/lhbik/AppData/Roaming/TinyTeX/texmf-dist/tex/latex/amsfonts/umsb.fd
File: umsb.fd 2013/01/14 v3.01 AMS symbols B
) [1


] [2

] (./ReC_MultMod.toc
LaTeX Font Info:    Font shape `TU/latinmodern-math.otf(1)/m/n' will be
(Font)              scaled to size 7.665pt on input line 2.
LaTeX Font Info:    Font shape `TU/latinmodern-math.otf(1)/m/n' will be
(Font)              scaled to size 5.475pt on input line 2.
LaTeX Font Info:    Font shape `TU/latinmodern-math.otf(2)/m/n' will be
(Font)              scaled to size 10.95099pt on input line 2.
LaTeX Font Info:    Font shape `TU/latinmodern-math.otf(2)/m/n' will be
(Font)              scaled to size 7.66568pt on input line 2.
LaTeX Font Info:    Font shape `TU/latinmodern-math.otf(2)/m/n' will be
(Font)              scaled to size 5.4755pt on input line 2.
LaTeX Font Info:    Font shape `TU/latinmodern-math.otf(3)/m/n' will be
(Font)              scaled to size 10.94882pt on input line 2.
LaTeX Font Info:    Font shape `TU/latinmodern-math.otf(3)/m/n' will be
(Font)              scaled to size 7.66417pt on input line 2.
LaTeX Font Info:    Font shape `TU/latinmodern-math.otf(3)/m/n' will be
(Font)              scaled to size 5.47441pt on input line 2.
[3] [4] [5] [6] [7])
\tf@toc=\write5
\openout5 = `ReC_MultMod.toc'.

[8]
File: images/ReC_multivariate_bkcvr.png Graphic file (type bmp)
<images/ReC_multivariate_bkcvr.png>

Underfull \hbox (badness 10000) in paragraph at lines 144--145
[]
 []


Underfull \vbox (badness 10000) has occurred while \output is active []

[9

]
Overfull \vbox (155.12541pt too high) has occurred while \output is active []

[10] [11] [12

] [13] [14]

Package natbib Warning: Citation `green_using_2014' on page 15 undefined on input line 202.

[15

] [16] [17

] [18

]
Chapter 1.
[19]
File: images/Ch02/scrubscore_wrkflow.jpg Graphic file (type bmp)
<images/Ch02/scrubscore_wrkflow.jpg>
[20] [21] [22]
LaTeX Font Info:    Font shape `TU/lmtt/bx/n' in size <10.95> not available
(Font)              Font shape `TU/lmtt/b/n' tried instead on input line 461.
[23] [24] [25] [26] [27]
File: images/Ch02/wrkflow_prelim.jpg Graphic file (type bmp)
<images/Ch02/wrkflow_prelim.jpg>
[28] [29] [30]
Overfull \hbox (110.8686pt too wide) in paragraph at lines 764--764
[]\TU/lmtt/m/n/10.95 i Use the conflicted package (<http://conflicted.r-lib.org/>) to force all conflicts to become errors[] 
 []

[31] [32] [33]
File: images/film-strip-1.jpg Graphic file (type bmp)
<images/film-strip-1.jpg>
[34] [35] [36]
Chapter 2.
[37

] [38]
File: images/Ch02/wrkflow_prelim.jpg Graphic file (type bmp)
<images/Ch02/wrkflow_prelim.jpg>
[39]
File: images/Ch03/BlStuMed.jpg Graphic file (type bmp)
<images/Ch03/BlStuMed.jpg>
[40] [41] [42] [43] [44]
Overfull \hbox (346.5673pt too wide) in paragraph at lines 1414--1414
[]\TU/lmtt/m/n/10.95 ##   ..- attr(*, "label")= Named chr "1 - From your perspective as a student, which of the following best describes the [Field-2] instructor."[] 
 []


Overfull \hbox (346.5673pt too wide) in paragraph at lines 1414--1414
[]\TU/lmtt/m/n/10.95 ##   ..- attr(*, "label")= Named chr "2 - From your perspective as a student, which of the following best describes the [Field-2] instructor."[] 
 []


Overfull \hbox (346.5673pt too wide) in paragraph at lines 1414--1414
[]\TU/lmtt/m/n/10.95 ##   ..- attr(*, "label")= Named chr "3 - From your perspective as a student, which of the following best describes the [Field-2] instructor."[] 
 []


Overfull \hbox (346.5673pt too wide) in paragraph at lines 1414--1414
[]\TU/lmtt/m/n/10.95 ##   ..- attr(*, "label")= Named chr "4 - From your perspective as a student, which of the following best describes the [Field-2] instructor."[] 
 []


Overfull \hbox (346.5673pt too wide) in paragraph at lines 1414--1414
[]\TU/lmtt/m/n/10.95 ##   ..- attr(*, "label")= Named chr "5 - From your perspective as a student, which of the following best describes the [Field-2] instructor."[] 
 []


Overfull \hbox (346.5673pt too wide) in paragraph at lines 1414--1414
[]\TU/lmtt/m/n/10.95 ##   ..- attr(*, "label")= Named chr "6 - From your perspective as a student, which of the following best describes the [Field-2] instructor."[] 
 []


Overfull \hbox (346.5673pt too wide) in paragraph at lines 1414--1414
[]\TU/lmtt/m/n/10.95 ##   ..- attr(*, "label")= Named chr "7 - From your perspective as a student, which of the following best describes the [Field-2] instructor."[] 
 []


Overfull \hbox (346.5673pt too wide) in paragraph at lines 1414--1414
[]\TU/lmtt/m/n/10.95 ##   ..- attr(*, "label")= Named chr "8 - From your perspective as a student, which of the following best describes the [Field-2] instructor."[] 
 []


Overfull \hbox (346.5673pt too wide) in paragraph at lines 1414--1414
[]\TU/lmtt/m/n/10.95 ##   ..- attr(*, "label")= Named chr "9 - From your perspective as a student, which of the following best describes the [Field-2] instructor."[] 
 []


Overfull \hbox (352.31606pt too wide) in paragraph at lines 1414--1414
[]\TU/lmtt/m/n/10.95 ##   ..- attr(*, "label")= Named chr "10 - From your perspective as a student, which of the following best describes the [Field-2] instructor."[] 
 []


Overfull \hbox (478.78853pt too wide) in paragraph at lines 1414--1414
[]\TU/lmtt/m/n/10.95 ##   ..- attr(*, "label")= Named chr "Regarding race, what proportion of students were from each broad classification.  Your responses should add to "| __truncated__[] 
 []

[45]
Overfull \hbox (467.29103pt too wide) in paragraph at lines 1414--1414
[]\TU/lmtt/m/n/10.95 ##   ..- attr(*, "label")= Named chr "Regarding race, what proportion of students were from each broad classification.  Your responses should add to 100%. - Black"[] 
 []


Overfull \hbox (478.78853pt too wide) in paragraph at lines 1414--1414
[]\TU/lmtt/m/n/10.95 ##   ..- attr(*, "label")= Named chr "Regarding race, what proportion of students were from each broad classification.  Your responses should add to "| __truncated__[] 
 []


Overfull \hbox (467.29103pt too wide) in paragraph at lines 1414--1414
[]\TU/lmtt/m/n/10.95 ##   ..- attr(*, "label")= Named chr "Regarding race, what proportion of students were from each broad classification.  Your responses should add to 100%. - White"[] 
 []


Overfull \hbox (473.03978pt too wide) in paragraph at lines 1414--1414
[]\TU/lmtt/m/n/10.95 ##   ..- attr(*, "label")= Named chr "Regarding race, what proportion of students were from each broad classification.  Your responses should add to 100%. - Unsure"[] 
 []


Overfull \hbox (478.78853pt too wide) in paragraph at lines 1414--1414
[]\TU/lmtt/m/n/10.95 ##   ..- attr(*, "label")= Named chr "Please indicate the degree to which you agree with the following questions about the course. Please skip the it"| __truncated__[] 
 []


Overfull \hbox (478.78853pt too wide) in paragraph at lines 1414--1414
[]\TU/lmtt/m/n/10.95 ##   ..- attr(*, "label")= Named chr "Please indicate the degree to which you agree with the following questions about the course. Please skip the it"| __truncated__[] 
 []


Overfull \hbox (478.78853pt too wide) in paragraph at lines 1414--1414
[]\TU/lmtt/m/n/10.95 ##   ..- attr(*, "label")= Named chr "Please indicate the degree to which you agree with the following questions about the course. Please skip the it"| __truncated__[] 
 []


Overfull \hbox (478.78853pt too wide) in paragraph at lines 1414--1414
[]\TU/lmtt/m/n/10.95 ##   ..- attr(*, "label")= Named chr "Each item below asks you to rate elements of campus climate for your \"academic department/program.\"  If you d"| __truncated__[] 
 []


Overfull \hbox (478.78853pt too wide) in paragraph at lines 1414--1414
[]\TU/lmtt/m/n/10.95 ##   ..- attr(*, "label")= Named chr "Each item below asks you to rate elements of campus climate for your \"academic department/program.\"  If you d"| __truncated__[] 
 []


Overfull \hbox (478.78853pt too wide) in paragraph at lines 1414--1414
[]\TU/lmtt/m/n/10.95 ##   ..- attr(*, "label")= Named chr "Each item below asks you to rate elements of campus climate for your \"academic department/program.\"  If you d"| __truncated__[] 
 []


Overfull \hbox (478.78853pt too wide) in paragraph at lines 1414--1414
[]\TU/lmtt/m/n/10.95 ##   ..- attr(*, "label")= Named chr "Each item below asks you to rate elements of campus climate for your \"academic department/program.\"  If you d"| __truncated__[] 
 []


Overfull \hbox (478.78853pt too wide) in paragraph at lines 1414--1414
[]\TU/lmtt/m/n/10.95 ##   ..- attr(*, "label")= Named chr "Each item below asks you to rate elements of campus climate for your \"academic department/program.\"  If you d"| __truncated__[] 
 []


Overfull \hbox (478.78853pt too wide) in paragraph at lines 1414--1414
[]\TU/lmtt/m/n/10.95 ##   ..- attr(*, "label")= Named chr "Each item below asks you to rate elements of campus climate for your \"academic department/program.\"  If you d"| __truncated__[] 
 []


Overfull \hbox (87.87361pt too wide) in paragraph at lines 1414--1414
[]\TU/lmtt/m/n/10.95 ##  - attr(*, "column_map")=Classes 'tbl_df', 'tbl' and 'data.frame':   182 obs. of  7 variables:[] 
 []


Overfull \hbox (36.13487pt too wide) in paragraph at lines 1414--1414
[]\TU/lmtt/m/n/10.95 ##   ..$ description: chr [1:182] "Start Date" "End Date" "Response Type" "Progress" ...[] 
 []


Overfull \hbox (36.13487pt too wide) in paragraph at lines 1414--1414
[]\TU/lmtt/m/n/10.95 ##   ..$ main       : chr [1:182] "Start Date" "End Date" "Response Type" "Progress" ...[] 
 []


Overfull \hbox (30.38612pt too wide) in paragraph at lines 1414--1414
[]\TU/lmtt/m/n/10.95 ##   ..$ timeZone   : chr [1:182] "America/Los_Angeles" "America/Los_Angeles" NA NA ...[] 
 []


Underfull \vbox (badness 10000) has occurred while \output is active []

[46]
Overfull \hbox (329.32106pt too wide) in paragraph at lines 1472--1472
[]\TU/lmtt/m/n/10.95 ##  - attr(*, "label")= Named chr "1 - From your perspective as a student, which of the following best describes the [Field-2] instructor."[] 
 []

[47]
Overfull \hbox (7.39113pt too wide) in paragraph at lines 1524--1524
[]\TU/lmtt/m/n/10.95 ## -- Attaching core tidyverse packages ------------------------ tidyverse 2.0.0 --[] 
 []


Overfull \hbox (7.39113pt too wide) in paragraph at lines 1524--1524
[]\TU/lmtt/m/n/10.95 ## -- Conflicts ------------------------------------------ tidyverse_conflicts() --[] 
 []


Overfull \hbox (128.11485pt too wide) in paragraph at lines 1524--1524
[]\TU/lmtt/m/n/10.95 ## i Use the conflicted package (<http://conflicted.r-lib.org/>) to force all conflicts to become errors[] 
 []


Overfull \hbox (1.64238pt too wide) in paragraph at lines 1570--1570
[]\TU/lmtt/m/n/10.95 ## $ ID        <int> 1, 2, 3, 4, 5, 6, 7, 8, 9, 10, 11, 12, 13, 14, 15, 16, 17, 1~[] 
 []


Overfull \hbox (1.64238pt too wide) in paragraph at lines 1570--1570
[]\TU/lmtt/m/n/10.95 ## $ iRace1    <dbl> 3, 3, 3, 3, 1, 3, 3, 3, 1, 0, 2, 1, 1, 1, 3, 3, 3, 1, 3, 3, ~[] 
 []


Overfull \hbox (1.64238pt too wide) in paragraph at lines 1570--1570
[]\TU/lmtt/m/n/10.95 ## $ iRace2    <dbl> 1, NA, 1, 1, NA, NA, 3, NA, NA, 0, NA, NA, 3, NA, 3, 3, NA, ~[] 
 []

[48]
Overfull \hbox (1.64238pt too wide) in paragraph at lines 1570--1570
[]\TU/lmtt/m/n/10.95 ## $ iRace3    <dbl> 3, NA, NA, 3, NA, NA, NA, NA, NA, 3, NA, NA, NA, NA, 3, 1, N~[] 
 []


Overfull \hbox (1.64238pt too wide) in paragraph at lines 1570--1570
[]\TU/lmtt/m/n/10.95 ## $ iRace4    <dbl> NA, NA, NA, NA, NA, NA, NA, NA, NA, 3, NA, NA, NA, NA, NA, 3~[] 
 []


Overfull \hbox (1.64238pt too wide) in paragraph at lines 1570--1570
[]\TU/lmtt/m/n/10.95 ## $ iRace5    <lgl> NA, NA, NA, NA, NA, NA, NA, NA, NA, NA, NA, NA, NA, NA, NA, ~[] 
 []


Overfull \hbox (1.64238pt too wide) in paragraph at lines 1570--1570
[]\TU/lmtt/m/n/10.95 ## $ iRace6    <lgl> NA, NA, NA, NA, NA, NA, NA, NA, NA, NA, NA, NA, NA, NA, NA, ~[] 
 []


Overfull \hbox (1.64238pt too wide) in paragraph at lines 1570--1570
[]\TU/lmtt/m/n/10.95 ## $ iRace7    <lgl> NA, NA, NA, NA, NA, NA, NA, NA, NA, NA, NA, NA, NA, NA, NA, ~[] 
 []


Overfull \hbox (1.64238pt too wide) in paragraph at lines 1570--1570
[]\TU/lmtt/m/n/10.95 ## $ iRace8    <lgl> NA, NA, NA, NA, NA, NA, NA, NA, NA, NA, NA, NA, NA, NA, NA, ~[] 
 []


Overfull \hbox (1.64238pt too wide) in paragraph at lines 1570--1570
[]\TU/lmtt/m/n/10.95 ## $ iRace9    <lgl> NA, NA, NA, NA, NA, NA, NA, NA, NA, NA, NA, NA, NA, NA, NA, ~[] 
 []


Overfull \hbox (1.64238pt too wide) in paragraph at lines 1570--1570
[]\TU/lmtt/m/n/10.95 ## $ iRace10   <lgl> NA, NA, NA, NA, NA, NA, NA, NA, NA, NA, NA, NA, NA, NA, NA, ~[] 
 []


Overfull \hbox (1.64238pt too wide) in paragraph at lines 1570--1570
[]\TU/lmtt/m/n/10.95 ## $ cmBiMulti <dbl> 0, 0, 0, 2, 5, 15, 0, 0, 0, 7, 0, 0, 20, 0, 9, 12, 0, 6, 6, ~[] 
 []


Overfull \hbox (1.64238pt too wide) in paragraph at lines 1570--1570
[]\TU/lmtt/m/n/10.95 ## $ cmBlack   <dbl> 0, 5, 10, 6, 5, 20, 0, 0, 0, 4, 0, 7, 0, 6, 9, 1, 21, 5, 6, ~[] 
 []


Overfull \hbox (1.64238pt too wide) in paragraph at lines 1570--1570
[]\TU/lmtt/m/n/10.95 ## $ cmNBPoC   <dbl> 39, 10, 30, 19, 10, 30, 40, 5, 30, 13, 80, 19, 0, 19, 15, 22~[] 
 []


Overfull \hbox (1.64238pt too wide) in paragraph at lines 1570--1570
[]\TU/lmtt/m/n/10.95 ## $ cmWhite   <dbl> 61, 85, 60, 73, 80, 35, 60, 90, 70, 73, 10, 74, 80, 0, 67, 5~[] 
 []


Overfull \hbox (1.64238pt too wide) in paragraph at lines 1570--1570
[]\TU/lmtt/m/n/10.95 ## $ cmUnsure  <dbl> 0, 0, 0, 0, 0, 0, 0, 5, 0, 3, 10, 0, 0, 75, 0, 14, 0, 5, 0, ~[] 
 []


Overfull \hbox (1.64238pt too wide) in paragraph at lines 1570--1570
[]\TU/lmtt/m/n/10.95 ## $ Belong_1  <dbl> 6, 4, NA, 5, 4, 5, 6, 7, 6, 3, 6, 6, 3, 4, 3, 3, 4, 5, 1, 2,~[] 
 []


Overfull \hbox (1.64238pt too wide) in paragraph at lines 1570--1570
[]\TU/lmtt/m/n/10.95 ## $ Belong_2  <dbl> 6, 4, 3, 3, 4, 6, 6, 7, 6, 3, 6, 6, 5, 4, 3, 3, 4, 6, 1, 2, ~[] 
 []


Overfull \hbox (1.64238pt too wide) in paragraph at lines 1570--1570
[]\TU/lmtt/m/n/10.95 ## $ Belong_3  <dbl> 7, 6, NA, 2, 4, 5, 5, 7, 6, 3, 5, 6, 4, 4, 3, 2, 4, 5, 1, 1,~[] 
 []


Overfull \hbox (1.64238pt too wide) in paragraph at lines 1570--1570
[]\TU/lmtt/m/n/10.95 ## $ Blst_1    <dbl> 5, 6, NA, 2, 6, 5, 5, 5, 5, 3, NA, 4, 5, 6, 3, 4, 6, 4, 4, 4~[] 
 []


Overfull \hbox (1.64238pt too wide) in paragraph at lines 1570--1570
[]\TU/lmtt/m/n/10.95 ## $ Blst_2    <dbl> 3, 6, 5, 2, 1, 1, 4, 4, 3, 5, NA, 5, 1, 1, 3, 2, 1, 2, 5, 3,~[] 
 []


Overfull \hbox (1.64238pt too wide) in paragraph at lines 1570--1570
[]\TU/lmtt/m/n/10.95 ## $ Blst_3    <dbl> 5, 2, 2, 2, 1, 1, 4, 3, 1, 2, 2, 1, 1, 1, 3, 2, 6, 2, 2, 2, ~[] 
 []


Overfull \hbox (1.64238pt too wide) in paragraph at lines 1570--1570
[]\TU/lmtt/m/n/10.95 ## $ Blst_4    <dbl> 2, 2, 2, 2, 1, 2, 4, 3, 2, 3, NA, 4, 3, 1, 3, 2, 1, 3, 2, 1,~[] 
 []


Overfull \hbox (1.64238pt too wide) in paragraph at lines 1570--1570
[]\TU/lmtt/m/n/10.95 ## $ Blst_5    <dbl> 2, 4, NA, 2, 1, 1, 4, 4, 1, 3, 2, 2, 1, 1, 3, 2, 1, 2, 2, 1,~[] 
 []


Overfull \hbox (1.64238pt too wide) in paragraph at lines 1570--1570
[]\TU/lmtt/m/n/10.95 ## $ Blst_6    <dbl> 2, 1, 2, 2, 1, 2, 4, 3, 2, 3, NA, 2, 1, 1, 3, 2, 2, 3, 2, 1,~[] 
 []


Overfull \hbox (1.64238pt too wide) in paragraph at lines 1570--1570
[]\TU/lmtt/m/n/10.95 ## $ tRace1    <fct> White, White, White, White, nBpoc, White, White, White, nBpo~[] 
 []


Overfull \hbox (1.64238pt too wide) in paragraph at lines 1570--1570
[]\TU/lmtt/m/n/10.95 ## $ tRace2    <fct> nBpoc, NA, nBpoc, nBpoc, NA, NA, White, NA, NA, Black, NA, N~[] 
 []


Overfull \hbox (1.64238pt too wide) in paragraph at lines 1570--1570
[]\TU/lmtt/m/n/10.95 ## $ tRace3    <fct> White, NA, NA, White, NA, NA, NA, NA, NA, White, NA, NA, NA,~[] 
 []


Overfull \hbox (1.64238pt too wide) in paragraph at lines 1570--1570
[]\TU/lmtt/m/n/10.95 ## $ tRace4    <fct> NA, NA, NA, NA, NA, NA, NA, NA, NA, White, NA, NA, NA, NA, N~[] 
 []


Overfull \hbox (1.64238pt too wide) in paragraph at lines 1570--1570
[]\TU/lmtt/m/n/10.95 ## $ tRace5    <fct> NA, NA, NA, NA, NA, NA, NA, NA, NA, NA, NA, NA, NA, NA, NA, ~[] 
 []


Overfull \hbox (1.64238pt too wide) in paragraph at lines 1570--1570
[]\TU/lmtt/m/n/10.95 ## $ tRace6    <fct> NA, NA, NA, NA, NA, NA, NA, NA, NA, NA, NA, NA, NA, NA, NA, ~[] 
 []


Overfull \hbox (1.64238pt too wide) in paragraph at lines 1570--1570
[]\TU/lmtt/m/n/10.95 ## $ tRace7    <fct> NA, NA, NA, NA, NA, NA, NA, NA, NA, NA, NA, NA, NA, NA, NA, ~[] 
 []


Overfull \hbox (1.64238pt too wide) in paragraph at lines 1570--1570
[]\TU/lmtt/m/n/10.95 ## $ tRace8    <fct> NA, NA, NA, NA, NA, NA, NA, NA, NA, NA, NA, NA, NA, NA, NA, ~[] 
 []


Overfull \hbox (1.64238pt too wide) in paragraph at lines 1570--1570
[]\TU/lmtt/m/n/10.95 ## $ tRace9    <fct> NA, NA, NA, NA, NA, NA, NA, NA, NA, NA, NA, NA, NA, NA, NA, ~[] 
 []


Overfull \hbox (1.64238pt too wide) in paragraph at lines 1570--1570
[]\TU/lmtt/m/n/10.95 ## $ tRace10   <fct> NA, NA, NA, NA, NA, NA, NA, NA, NA, NA, NA, NA, NA, NA, NA, ~[] 
 []

[49]
File: images/Ch02/wrkflow_item_lvl.jpg Graphic file (type bmp)
<images/Ch02/wrkflow_item_lvl.jpg>
[50] [51] [52] [53] [54]
File: images/Ch02/wrkflow_scale_lvl.jpg Graphic file (type bmp)
<images/Ch02/wrkflow_scale_lvl.jpg>
[55] [56] [57]
File: 02-Scoring_files/figure-latex/unnamed-chunk-26-1.pdf Graphic file (type pdf)
<use 02-Scoring_files/figure-latex/unnamed-chunk-26-1.pdf>
[58]
File: images/Ch02/wrkflow_AIAready.jpg Graphic file (type bmp)
<images/Ch02/wrkflow_AIAready.jpg>
[59] [60] [61] [62]
Chapter 3.
[63

] [64]
File: images/Ch04/wrkflow_dx.jpg Graphic file (type bmp)
<images/Ch04/wrkflow_dx.jpg>
[65]
File: images/Ch04/BlStuMed.jpg Graphic file (type bmp)
<images/Ch04/BlStuMed.jpg>
File: images/Ch04/BlStuRegression.jpg Graphic file (type bmp)
<images/Ch04/BlStuRegression.jpg>
[66] [67] [68] [69] [70]
Overfull \hbox (450.04478pt too wide) in paragraph at lines 2656--2656
[]  \TU/lmtt/m/n/10.95 ..- attr(*, "label")= Named chr "Regarding race, what proportion of students were from each broad classification.  Your responses should add to 100%. - Black"[] 
 []


Overfull \hbox (461.54228pt too wide) in paragraph at lines 2656--2656
[]  \TU/lmtt/m/n/10.95 ..- attr(*, "label")= Named chr "Please indicate the degree to which you agree with the following questions about the course. Please skip the it"| __truncated__[] 
 []

[71]
Overfull \hbox (461.54228pt too wide) in paragraph at lines 2656--2656
[]  \TU/lmtt/m/n/10.95 ..- attr(*, "label")= Named chr "Please indicate the degree to which you agree with the following questions about the course. Please skip the it"| __truncated__[] 
 []


Overfull \hbox (461.54228pt too wide) in paragraph at lines 2656--2656
[]  \TU/lmtt/m/n/10.95 ..- attr(*, "label")= Named chr "Please indicate the degree to which you agree with the following questions about the course. Please skip the it"| __truncated__[] 
 []


Overfull \hbox (461.54228pt too wide) in paragraph at lines 2656--2656
[]  \TU/lmtt/m/n/10.95 ..- attr(*, "label")= Named chr "Each item below asks you to rate elements of campus climate for your \"academic department/program.\"  If you d"| __truncated__[] 
 []


Overfull \hbox (461.54228pt too wide) in paragraph at lines 2656--2656
[]  \TU/lmtt/m/n/10.95 ..- attr(*, "label")= Named chr "Each item below asks you to rate elements of campus climate for your \"academic department/program.\"  If you d"| __truncated__[] 
 []


Overfull \hbox (461.54228pt too wide) in paragraph at lines 2656--2656
[]  \TU/lmtt/m/n/10.95 ..- attr(*, "label")= Named chr "Each item below asks you to rate elements of campus climate for your \"academic department/program.\"  If you d"| __truncated__[] 
 []


Overfull \hbox (461.54228pt too wide) in paragraph at lines 2656--2656
[]  \TU/lmtt/m/n/10.95 ..- attr(*, "label")= Named chr "Each item below asks you to rate elements of campus climate for your \"academic department/program.\"  If you d"| __truncated__[] 
 []


Overfull \hbox (461.54228pt too wide) in paragraph at lines 2656--2656
[]  \TU/lmtt/m/n/10.95 ..- attr(*, "label")= Named chr "Each item below asks you to rate elements of campus climate for your \"academic department/program.\"  If you d"| __truncated__[] 
 []


Overfull \hbox (461.54228pt too wide) in paragraph at lines 2656--2656
[]  \TU/lmtt/m/n/10.95 ..- attr(*, "label")= Named chr "Each item below asks you to rate elements of campus climate for your \"academic department/program.\"  If you d"| __truncated__[] 
 []


Overfull \hbox (461.54228pt too wide) in paragraph at lines 2656--2656
[]  \TU/lmtt/m/n/10.95 ..- attr(*, "label")= Named chr "Each item below asks you to rate elements of campus climate for your \"academic department/program.\"  If you d"| __truncated__[] 
 []


Overfull \hbox (64.87862pt too wide) in paragraph at lines 2656--2656
[] \TU/lmtt/m/n/10.95 - attr(*, "column_map")=Classes 'tbl_df', 'tbl' and 'data.frame':  182 obs. of  7 variables:[] 
 []


Overfull \hbox (18.88863pt too wide) in paragraph at lines 2656--2656
[]  \TU/lmtt/m/n/10.95 ..$ description: chr [1:182] "Start Date" "End Date" "Response Type" "Progress" ...[] 
 []


Overfull \hbox (18.88863pt too wide) in paragraph at lines 2656--2656
[]  \TU/lmtt/m/n/10.95 ..$ main       : chr [1:182] "Start Date" "End Date" "Response Type" "Progress" ...[] 
 []


Overfull \hbox (13.13988pt too wide) in paragraph at lines 2656--2656
[]  \TU/lmtt/m/n/10.95 ..$ timeZone   : chr [1:182] "America/Los_Angeles" "America/Los_Angeles" NA NA ...[] 
 []


Underfull \vbox (badness 1097) has occurred while \output is active []

[72] [73]
Underfull \hbox (badness 10000) in paragraph at lines 2772--2774

 []


Underfull \hbox (badness 10000) in paragraph at lines 2774--2776

 []

[74]
File: 03-DataDx_files/figure-latex/unnamed-chunk-11-1.pdf Graphic file (type pdf)
<use 03-DataDx_files/figure-latex/unnamed-chunk-11-1.pdf>
[75]
File: 03-DataDx_files/figure-latex/unnamed-chunk-12-1.pdf Graphic file (type pdf)
<use 03-DataDx_files/figure-latex/unnamed-chunk-12-1.pdf>

Underfull \vbox (badness 10000) has occurred while \output is active []

[76] [77]
Overfull \hbox (110.8686pt too wide) in paragraph at lines 2882--2882
[]\TU/lmtt/m/n/10.95 i Use the conflicted package (<http://conflicted.r-lib.org/>) to force all conflicts to become errors[] 
 []

[78] [79]
File: images/Ch04/BlStuRegression.jpg Graphic file (type bmp)
<images/Ch04/BlStuRegression.jpg>
[80]
Underfull \hbox (badness 2213) in paragraph at lines 3017--3018
\TU/lmr/m/n/10.95 of campus climate for Black students indicated that neither contri-
 []


Underfull \hbox (badness 2253) in paragraph at lines 3017--3018
\TU/lmr/m/n/10.95 butions of the respondents personal belonging ($[] [] [][][][][][][] [] []
 []


Underfull \hbox (badness 1077) in paragraph at lines 3017--3018
[][][][][]$\TU/lmr/m/n/10.95 ), the proportion of BIPOC instructional staff ($[] [] [][][][][][] [] []
 []

[81] [82]
Overfull \hbox (133.8636pt too wide) in paragraph at lines 3095--3095
[]\TU/lmtt/m/n/10.95 Note. A significant b-weight indicates the beta-weight and semi-partial correlation are also significant.[] 
 []


Overfull \hbox (99.37111pt too wide) in paragraph at lines 3095--3095
[]\TU/lmtt/m/n/10.95 b represents unstandardized regression weights. beta indicates the standardized regression weights.[] 
 []


Overfull \hbox (64.87862pt too wide) in paragraph at lines 3095--3095
[]\TU/lmtt/m/n/10.95 sr2 represents the semi-partial correlation squared. r represents the zero-order correlation.[] 
 []


Overfull \hbox (36.13487pt too wide) in paragraph at lines 3095--3095
[]\TU/lmtt/m/n/10.95 Square brackets are used to enclose the lower and upper limits of a confidence interval.[] 
 []


Underfull \vbox (badness 1178) has occurred while \output is active []

[83]

Package hyperref Warning: Suppressing link with empty target on input line 3146.

[84]
File: Worked_Examples/images/homeworked_model.jpg Graphic file (type bmp)
<Worked_Examples/images/homeworked_model.jpg>
[85] [86] [87] [88] [89] [90] [91] [92]
File: 03-DataDx_files/figure-latex/unnamed-chunk-43-1.pdf Graphic file (type pdf)
<use 03-DataDx_files/figure-latex/unnamed-chunk-43-1.pdf>

Underfull \vbox (badness 10000) has occurred while \output is active []

[93]
Underfull \vbox (badness 2608) has occurred while \output is active []

[94] [95] [96] [97] [98]
File: 03-DataDx_files/figure-latex/unnamed-chunk-48-1.pdf Graphic file (type pdf)
<use 03-DataDx_files/figure-latex/unnamed-chunk-48-1.pdf>
[99]
File: 03-DataDx_files/figure-latex/unnamed-chunk-49-1.pdf Graphic file (type pdf)
<use 03-DataDx_files/figure-latex/unnamed-chunk-49-1.pdf>
[100] [101] [102]
Overfull \hbox (448.18521pt too wide) in paragraph at lines 4108--4109
\TU/lmr/m/n/10.95 ($[] [] [][][][][][] [] [] [][][][][][][][][][][][][][][][][][][][][][][][][][][][][][][][][][][][][][][][][][][][][][][][][][][][][][][][][] [][][][][][][][][][][][][][][][][][][][][][][][][][][][][][] [][][][][][][][][][][][][][][][][][][][][][][][][][][][][][][][][][][][][][][][][][][][][][][][][][][][][][][][]$B
 []

[103] [104]
Overfull \hbox (36.13487pt too wide) in paragraph at lines 4171--4171
[]\TU/lmtt/m/n/10.95 Note. A significant b-weight indicates the semi-partial correlation is also significant.[] 
 []


Overfull \hbox (36.13487pt too wide) in paragraph at lines 4171--4171
[]\TU/lmtt/m/n/10.95 Square brackets are used to enclose the lower and upper limits of a confidence interval.[] 
 []

[105] [106

]
Chapter 4.
[107] [108]
File: images/Ch05/scrubscore_mimp_itemlvl.jpg Graphic file (type bmp)
<images/Ch05/scrubscore_mimp_itemlvl.jpg>
[109] [110]
File: images/Ch04/BlStuMed.jpg Graphic file (type bmp)
<images/Ch04/BlStuMed.jpg>
File: images/Ch04/BlStuRegression.jpg Graphic file (type bmp)
<images/Ch04/BlStuRegression.jpg>
[111]
Underfull \hbox (badness 10000) in paragraph at lines 4373--4374

 []


Underfull \hbox (badness 10000) in paragraph at lines 4378--4380

 []

File: images/Ch05/KatitasMimpFig.jpg Graphic file (type bmp)
<images/Ch05/KatitasMimpFig.jpg>
[112] [113] [114] [115] [116] [117] [118] [119] [120]
Overfull \hbox (18.88863pt too wide) in paragraph at lines 4887--4887
[]\TU/lmtt/m/n/10.95 Climate_fit <- lm(ClimateBL ~ Belonging + cmBlack + iBIPOC_pr, data = item_scores_df)[] 
 []

[121]
Underfull \hbox (badness 2753) in paragraph at lines 4977--4978
[]\TU/lmr/m/n/10.95 Results of a multiple regression predicting the respondents percep-
 []


Underfull \hbox (badness 1147) in paragraph at lines 4977--4978
\TU/lmr/m/n/10.95 tributions of the respondents personal belonging ($[] [] [][][][][][][] [] []
 []

[122]
Underfull \hbox (badness 2753) in paragraph at lines 5022--5023
[]\TU/lmr/m/n/10.95 Results of a multiple regression predicting the respondents percep-
 []


Underfull \hbox (badness 1147) in paragraph at lines 5022--5023
\TU/lmr/m/n/10.95 tributions of the respondents personal belonging ($[] [] [][][][][][][] [] []
 []

[123] [124] [125]

Package hyperref Warning: Suppressing link with empty target on input line 5151.

[126]
File: Worked_Examples/images/homeworked_model.jpg Graphic file (type bmp)
<Worked_Examples/images/homeworked_model.jpg>
[127] [128] [129] [130] [131] [132]
Overfull \hbox (448.04286pt too wide) in paragraph at lines 5569--5570
\TU/lmr/m/n/10.95 ($[] [] [][][][][][] [] [] [][][][][][][][][][][][][][][][][][][][][][][][][][][][][][][][][][][][][][][][][][][][][][][][][][][][][][][][][] [][][][][][][][][][][][][][][][][][][][][][][][][][][][][][] [][][][][][][][][][][][][][][][][][][][][][][][][][][][][][][][][][][][][][][][][][][][][][][][][][][][][][][][]$B
 []

[133] [134]
Overfull \hbox (448.04286pt too wide) in paragraph at lines 5613--5614
\TU/lmr/m/n/10.95 ($[] [] [][][][][][] [] [] [][][][][][][][][][][][][][][][][][][][][][][][][][][][][][][][][][][][][][][][][][][][][][][][][][][][][][][][][] [][][][][][][][][][][][][][][][][][][][][][][][][][][][][][] [][][][][][][][][][][][][][][][][][][][][][][][][][][][][][][][][][][][][][][][][][][][][][][][][][][][][][][][]$B
 []

[135] [136

] [137] [138

]
Chapter 5.
[139] [140]
Underfull \hbox (badness 1173) in paragraph at lines 5728--5728
[]\TU/lmr/bx/n/14.4 Estimating Indirect Effects (the analytic approach often
 []

File: images/SimpleMed/ModConcStat.jpg Graphic file (type bmp)
<images/SimpleMed/ModConcStat.jpg>
File: images/SimpleMed/SimpleInteraction.jpg Graphic file (type bmp)
<images/SimpleMed/SimpleInteraction.jpg>

Overfull \hbox (76.71696pt too wide) has occurred while \output is active
\TU/lmr/m/sl/10.95 5.2.  ESTIMATING INDIRECT EFFECTS (THE ANALYTIC APPROACH OFTEN TERMED \TU/lmr/m/n/10.95 MEDIATION\TU/lmr/m/sl/10.95 ) \TU/lmr/m/n/10.95 141
 []

[141] [142]
Underfull \hbox (badness 10000) in paragraph at lines 5774--5776

 []


Underfull \hbox (badness 10000) in paragraph at lines 5776--5778

 []

File: images/SimpleMed/SimpleMed.jpg Graphic file (type bmp)
<images/SimpleMed/SimpleMed.jpg>

Underfull \hbox (badness 10000) in paragraph at lines 5794--5796

 []

File: images/SimpleMed/CPAmodel.jpg Graphic file (type bmp)
<images/SimpleMed/CPAmodel.jpg>

Underfull \vbox (badness 2073) has occurred while \output is active []


Overfull \hbox (76.71696pt too wide) has occurred while \output is active
\TU/lmr/m/sl/10.95 5.2.  ESTIMATING INDIRECT EFFECTS (THE ANALYTIC APPROACH OFTEN TERMED \TU/lmr/m/n/10.95 MEDIATION\TU/lmr/m/sl/10.95 ) \TU/lmr/m/n/10.95 143
 []

[143]
File: images/SimpleMed/MedRationale.jpg Graphic file (type bmp)
<images/SimpleMed/MedRationale.jpg>
[144] [145]
Underfull \hbox (badness 10000) in paragraph at lines 5935--5937

 []

[146] [147]
Underfull \vbox (badness 10000) has occurred while \output is active []

[148] [149] [150]
Overfull \hbox (7.39113pt too wide) in paragraph at lines 6210--6210
[]\TU/lmtt/m/n/10.95 ## Probability values (Entries above the diagonal are adjusted for multiple tests.)[] 
 []


Overfull \hbox (24.63737pt too wide) in paragraph at lines 6210--6210
[]\TU/lmtt/m/n/10.95 ##  To see confidence intervals of the correlations, print with the short=FALSE option[] 
 []

[151]
File: 05-SimpleMed_files/figure-latex/FakyDaty Simple Plot-1.pdf Graphic file (type pdf)
<use 05-SimpleMed_files/figure-latex/FakyDaty Simple Plot-1.pdf>

Underfull \vbox (badness 10000) has occurred while \output is active []

[152] [153] [154] [155]
Underfull \vbox (badness 10000) has occurred while \output is active []

[156]
Underfull \vbox (badness 10000) has occurred while \output is active []

[157]
Overfull \hbox (7.39113pt too wide) in paragraph at lines 6530--6530
[]\TU/lmtt/m/n/10.95 ## -- Attaching core tidyverse packages ------------------------ tidyverse 2.0.0 --[] 
 []

[158]
Overfull \hbox (7.39113pt too wide) in paragraph at lines 6530--6530
[]\TU/lmtt/m/n/10.95 ## -- Conflicts ------------------------------------------ tidyverse_conflicts() --[] 
 []


Overfull \hbox (128.11485pt too wide) in paragraph at lines 6530--6530
[]\TU/lmtt/m/n/10.95 ## i Use the conflicted package (<http://conflicted.r-lib.org/>) to force all conflicts to become errors[] 
 []

[159]
File: images/SimpleMed/Kim_SimpMed.jpg Graphic file (type bmp)
<images/SimpleMed/Kim_SimpMed.jpg>
[160] [161]
Underfull \vbox (badness 10000) has occurred while \output is active []

[162] [163]
Underfull \hbox (badness 10000) in paragraph at lines 6792--6794

 []

File: 05-SimpleMed_files/figure-latex/semPLOT of PMI-1.pdf Graphic file (type pdf)
<use 05-SimpleMed_files/figure-latex/semPLOT of PMI-1.pdf>
[164] [165]
File: images/SimpleMed/Kim_wCovs.jpg Graphic file (type bmp)
<images/SimpleMed/Kim_wCovs.jpg>
[166] [167]
Underfull \vbox (badness 10000) has occurred while \output is active []

[168] [169] [170]
File: 05-SimpleMed_files/figure-latex/semPLOT for model w covs-1.pdf Graphic file (type pdf)
<use 05-SimpleMed_files/figure-latex/semPLOT for model w covs-1.pdf>

Underfull \vbox (badness 1616) has occurred while \output is active []

[171]
Overfull \hbox (1.76706pt too wide) in paragraph at lines 7184--7184
[]|\TU/lmr/m/n/10.95 Antecedent|  
 []


Underfull \hbox (badness 10000) in paragraph at lines 7226--7227

 []

[172] [173] [174] [175] [176

]
Chapter 6.

Underfull \hbox (badness 10000) in paragraph at lines 7392--7394

 []

[177] [178]
File: images/CompMed/ParaMed.jpg Graphic file (type bmp)
<images/CompMed/ParaMed.jpg>
[179] [180] [181] [182]
Underfull \vbox (badness 10000) has occurred while \output is active []

[183] [184] [185]
File: 06-ComplexMed_files/figure-latex/Fake Data Simple Plot-1.pdf Graphic file (type pdf)
<use 06-ComplexMed_files/figure-latex/Fake Data Simple Plot-1.pdf>

Underfull \vbox (badness 10000) has occurred while \output is active []

[186]
Overfull \hbox (3.03555pt too wide) in paragraph at lines 7869--7869
 []|\TU/lmr/m/n/10.95 M1| 
 []


Overfull \hbox (3.03555pt too wide) in paragraph at lines 7870--7870
 []|\TU/lmr/m/n/10.95 M2| 
 []

[187] [188] [189] [190] [191]
File: 06-ComplexMed_files/figure-latex/unnamed-chunk-4-1.pdf Graphic file (type pdf)
<use 06-ComplexMed_files/figure-latex/unnamed-chunk-4-1.pdf>

Underfull \vbox (badness 10000) has occurred while \output is active []

[192]
File: images/CompMed/LewisMedFig.jpg Graphic file (type bmp)
<images/CompMed/LewisMedFig.jpg>

Underfull \hbox (badness 1783) in paragraph at lines 8127--8128
[][] \TU/lmr/m/n/10.95 Because the
 []


Underfull \vbox (badness 10000) has occurred while \output is active []

[193]
File: images/CompMed/LewisParaMed.jpg Graphic file (type bmp)
<images/CompMed/LewisParaMed.jpg>
[194] [195]
Underfull \vbox (badness 10000) has occurred while \output is active []

[196]
Underfull \vbox (badness 10000) has occurred while \output is active []

[197] [198]
File: 06-ComplexMed_files/figure-latex/Lewis Parallel model plot-1.pdf Graphic file (type pdf)
<use 06-ComplexMed_files/figure-latex/Lewis Parallel model plot-1.pdf>

Underfull \vbox (badness 10000) has occurred while \output is active []

[199]
Overfull \hbox (11.07988pt too wide) in paragraph at lines 8409--8409
 []|\TU/lmr/m/n/10.95 GRMS| 
 []


Overfull \hbox (8.55304pt too wide) in paragraph at lines 8409--8409
 []|\TU/lmr/m/n/10.95 MntlHlth| 
 []


Overfull \hbox (11.07988pt too wide) in paragraph at lines 8410--8410
 []|\TU/lmr/m/n/10.95 GRMS| 
 []


Overfull \hbox (15.26201pt too wide) in paragraph at lines 8410--8410
 []|\TU/lmr/m/n/10.95 DisEngmt| 
 []


Overfull \hbox (8.55304pt too wide) in paragraph at lines 8410--8410
 []|\TU/lmr/m/n/10.95 MntlHlth| 
 []

[200] [201]
Underfull \vbox (badness 10000) has occurred while \output is active []

[202]
Underfull \hbox (badness 10000) in paragraph at lines 8551--8553

 []

[203]
Underfull \hbox (badness 10000) in paragraph at lines 8581--8583

 []

[204]
File: images/CompMed/LewisSerialMed.jpg Graphic file (type bmp)
<images/CompMed/LewisSerialMed.jpg>
[205] [206]
Underfull \vbox (badness 10000) has occurred while \output is active []

[207]
Underfull \vbox (badness 10000) has occurred while \output is active []

[208] [209]
Overfull \hbox (16.16866pt too wide) in paragraph at lines 8925--8925
 []|\TU/lmr/m/n/10.95 GRMS| 
 []


Overfull \hbox (9.93855pt too wide) in paragraph at lines 8925--8925
 []|\TU/lmr/m/n/10.95 Engmt| 
 []


Overfull \hbox (17.03459pt too wide) in paragraph at lines 8925--8925
 []|\TU/lmr/m/n/10.95 MntlHlth| 
 []


Overfull \hbox (16.16866pt too wide) in paragraph at lines 8926--8926
 []|\TU/lmr/m/n/10.95 GRMS| 
 []


Overfull \hbox (25.66275pt too wide) in paragraph at lines 8926--8926
 []|\TU/lmr/m/n/10.95 DisEngmt| 
 []


Overfull \hbox (17.03459pt too wide) in paragraph at lines 8926--8926
 []|\TU/lmr/m/n/10.95 MntlHlth| 
 []


Overfull \hbox (16.16866pt too wide) in paragraph at lines 8927--8927
 []|\TU/lmr/m/n/10.95 GRMS| 
 []


Overfull \hbox (9.93855pt too wide) in paragraph at lines 8927--8927
 []|\TU/lmr/m/n/10.95 Engmt| 
 []


Overfull \hbox (25.66275pt too wide) in paragraph at lines 8927--8927
 []|\TU/lmr/m/n/10.95 DisEngmt| 
 []


Overfull \hbox (17.03459pt too wide) in paragraph at lines 8927--8927
 []|\TU/lmr/m/n/10.95 MntlHlth| 
 []

[210] [211]
File: 06-ComplexMed_files/figure-latex/semPlot of serial PMI model-1.pdf Graphic file (type pdf)
<use 06-ComplexMed_files/figure-latex/semPlot of serial PMI model-1.pdf>

Underfull \vbox (badness 10000) has occurred while \output is active []

[212] [213] [214]
Underfull \hbox (badness 10000) in paragraph at lines 9091--9093

 []

[215] [216] (./ReC_MultMod.bbl [217] [218

]
Underfull \hbox (badness 1112) in paragraph at lines 33--40
[]\TU/lmr/m/n/10.95 Kenneth A. Bollen and Rick H. Hoyle.  Perceived cohesion: A conceptual and empiri-
 []


Underfull \hbox (badness 10000) in paragraph at lines 57--64
[] [] [][][][][][] [] [][][][][][][][][] [] [][][] [] [][][][][] [] [][][][] [] [][][][][][] [] [][][][][][][][][][][][][] [] [][][][][] [] [][][][][][][] [] [][][][] [][] [][][][][] [][]
 []

[219]
Underfull \hbox (badness 1558) in paragraph at lines 101--108
[]\TU/lmr/m/n/10.95 Sylvia Hurtado.  Linking Diversity with the Educational and Civic Missions of Higher
 []


Underfull \hbox (badness 1609) in paragraph at lines 101--108
\TU/lmr/m/n/10.95 Education.  \TU/lmr/m/it/10.95 Review of Higher Education: Journal of the Association for the Study
 []


Underfull \hbox (badness 1596) in paragraph at lines 101--108
\TU/lmr/m/it/10.95 of Higher Education\TU/lmr/m/n/10.95 , 30(2):185196, 2007.  ISSN 0162-5748.  doi: $[][] [] [][][][] [] [][][] [] [][][][] []
 []


Underfull \hbox (badness 2961) in paragraph at lines 110--116
[]\TU/lmr/m/n/10.95 Sylvia Hurtado and Deborah Faye Carter.  Effects of college transition and percep-
 []


Underfull \hbox (badness 2772) in paragraph at lines 110--116
\TU/lmr/m/it/10.95 ciology of Education\TU/lmr/m/n/10.95 , 70:324345, October 1997.  ISSN 00380407.  doi: $[][] [] [][][][] []
 []


Underfull \hbox (badness 2088) in paragraph at lines 110--116
[][][][][][][]$\TU/lmr/m/n/10.95 .  URL [][]$[][][][][] [] [] [] [][][][][][][] [] [][][] [] [][][] [] [][][][][] [] [][][] [] [][][][] [] [] [] [][][][][][] [] [][][][][][][][][] [] [][][] [] [][][][][] [] [][][][] []
 []

[220]
Underfull \hbox (badness 3861) in paragraph at lines 153--156
[]\TU/lmr/m/n/10.95 Paul Y. Kim.  Guest Post: Anti-Asian Racism during the Pandemic: How Fac-
 []


Underfull \hbox (badness 1005) in paragraph at lines 153--156
\TU/lmr/m/n/10.95 ulty on Christian Campuses Can Support Asian and Asian American Students, March
 []


Underfull \hbox (badness 10000) in paragraph at lines 167--174
[][][] [] [][][][] [] [] [] [][][][][][] [] [][][][][][][][][] [] [][][] [] [][][][][] [] [][][][] [] [][][][][][] [] [][][][][][][][][][][][][] [] [][][][][] [] [][][][][][][] [] [][][][] [][]
 []


Underfull \hbox (badness 4752) in paragraph at lines 190--197
[]\TU/lmr/m/n/10.95 Jioni A. Lewis and Helen A. Neville.  Construction and initial validation of the
 []


Underfull \hbox (badness 6204) in paragraph at lines 190--197
\TU/lmr/m/n/10.95 Gendered Racial Microaggressions Scale for Black women.  \TU/lmr/m/it/10.95 Journal of Counsel-
 []


Underfull \hbox (badness 7397) in paragraph at lines 190--197
\TU/lmr/m/it/10.95 ing Psychology\TU/lmr/m/n/10.95 , 62(2):289302, April 2015.  ISSN 0022-0167.  doi: $[][] [] [][][][] []
 []


Underfull \hbox (badness 1014) in paragraph at lines 208--215
[]\TU/lmr/m/n/10.95 Kaleea R. Lewis and Payal P. Shah.  Black students narratives of diversity and inclu-
 []

[221]
Underfull \hbox (badness 2913) in paragraph at lines 230--237
\TU/lmr/m/it/10.95 chology\TU/lmr/m/n/10.95 , 53(3):372378, July 2006.  ISSN 0022-0167.  doi: $[][] [] [][][][] [] [][][][] [][] [][][][] [] [][] [] [] []
 []


Underfull \hbox (badness 1558) in paragraph at lines 256--263
[]\TU/lmr/m/n/10.95 Della V. Mosley, Candice N. Hargons, Carolyn Meiller, Blanka Angyal, Paris Wheeler,
 []


Underfull \hbox (badness 4699) in paragraph at lines 256--263
\TU/lmr/m/n/10.95 Candice Davis, and Danelle Stevens-Watkins.  Critical consciousness of anti-Black
 []


Underfull \hbox (badness 1817) in paragraph at lines 256--263
\TU/lmr/m/n/10.95 racism: A practical model to prevent and resist racial trauma.  \TU/lmr/m/it/10.95 Journal of Coun-
 []


Underfull \hbox (badness 5504) in paragraph at lines 256--263
\TU/lmr/m/it/10.95 seling Psychology\TU/lmr/m/n/10.95 , 68(1):116, January 2021.  ISSN 0022-0167.  doi: $[][] [] [][][][] []
 []

[222])

Package natbib Warning: There were undefined citations.

[223] (./ReC_MultMod.aux)
 ***********
LaTeX2e <2023-06-01> patch level 1
L3 programming layer <2023-08-29>
 ***********

LaTeX Warning: There were multiply-defined labels.

Package rerunfilecheck Info: File `ReC_MultMod.out' has not changed.
(rerunfilecheck)             Checksum: 925BC57B95A7FB383946C6E0AC6FE361;36444.
 ) 
Here is how much of TeX's memory you used:
 19023 strings out of 477590
 356930 string characters out of 5817187
 1951432 words of memory out of 5000000
 39931 multiletter control sequences out of 15000+600000
 564566 words of font info for 95 fonts, out of 8000000 for 9000
 14 hyphenation exceptions out of 8191
 90i,7n,120p,2365b,580s stack positions out of 10000i,1000n,20000p,200000b,200000s

Output written on ReC_MultMod.pdf (223 pages).
